\BOOKMARK [0][-]{chapter*.1}{Abstract}{}% 1
\BOOKMARK [0][-]{chapter.1}{Introduction}{}% 2
\BOOKMARK [0][-]{chapter.2}{Convex feasibility}{}% 3
\BOOKMARK [1][-]{section.2.1}{Problem definition}{chapter.2}% 4
\BOOKMARK [1][-]{section.2.2}{Implementation}{chapter.2}% 5
\BOOKMARK [1][-]{section.2.3}{Simulation setup}{chapter.2}% 6
\BOOKMARK [1][-]{section.2.4}{Simulation result}{chapter.2}% 7
\BOOKMARK [1][-]{section.2.5}{Changing set of solution in convex feasibility problem}{chapter.2}% 8
\BOOKMARK [1][-]{section.2.6}{Alternative angles of views on convex feasibility problem}{chapter.2}% 9
\BOOKMARK [0][-]{chapter.3}{Optimization with many constraints}{}% 10
\BOOKMARK [1][-]{section.3.1}{Problem definition}{chapter.3}% 11
\BOOKMARK [1][-]{section.3.2}{Parameters in theory}{chapter.3}% 12
\BOOKMARK [1][-]{section.3.3}{Implementation}{chapter.3}% 13
\BOOKMARK [1][-]{section.3.4}{Simulation setup}{chapter.3}% 14
\BOOKMARK [1][-]{section.3.5}{Simulation result}{chapter.3}% 15
\BOOKMARK [0][-]{chapter.4}{Conclusion}{}% 16
\BOOKMARK [1][-]{section.4.1}{Jacobian sketching}{chapter.4}% 17
\BOOKMARK [1][-]{section.4.2}{Summary}{chapter.4}% 18
\BOOKMARK [1][-]{section.4.3}{Limitation}{chapter.4}% 19
\BOOKMARK [1][-]{section.4.4}{Extensions}{chapter.4}% 20
